<?xml version="1.0" encoding="UTF-8"?>
<!-- Generated by org.testng.reporters.JUnitXMLReporter -->
<testsuite ignored="0" hostname="OPTIMUSPRIME" failures="0" tests="3" name="Register Demo Test Case" time="0.166" errors="0" timestamp="2023-07-07T14:50:08 IST">
  <testcase classname="com.TestNg_Methods.MultiBrowserTesting" name="@BeforeClass lunchApplication" time="-1.688721608675E9">
    <failure type="org.testng.TestNGException" message="
Parameter &amp;apos;Browser&amp;apos; is required by BeforeClass on method lunchApplication but has not been marked @Optional or defined
in E:\Eclipse Framework New WorkSpace\NexGenAI\RegisterDemotestng.xml">
      <![CDATA[org.testng.TestNGException: 
Parameter 'Browser' is required by BeforeClass on method lunchApplication but has not been marked @Optional or defined
in E:\Eclipse Framework New WorkSpace\NexGenAI\RegisterDemotestng.xml
at java.base/java.util.ArrayList.forEach(ArrayList.java:1541)
... Removed 22 stack frames]]>
    </failure>
  </testcase> <!-- @BeforeClass lunchApplication -->
  <testcase classname="com.TestNg_Methods.MultiBrowserTesting" name="@AfterClass closeApplication" time="0.0">
    <skipped/>
  </testcase> <!-- @AfterClass closeApplication -->
  <testcase classname="com.TestNg_Methods.RegisterDemoTestNG" name="NavigateToResgisterDemo" time="0.0">
    <skipped/>
  </testcase> <!-- NavigateToResgisterDemo -->
  <testcase classname="com.TestNg_Methods.RegisterDemoTestNG" name="registerUser" time="0.0">
    <skipped/>
  </testcase> <!-- registerUser -->
  <testcase classname="com.TestNg_Methods.RegisterDemoTestNG" name="validatingSuccessfulMsg" time="0.0">
    <skipped/>
  </testcase> <!-- validatingSuccessfulMsg -->
</testsuite> <!-- Register Demo Test Case -->
